<?xml version="1.0" encoding="UTF-8"?>
<!-- Generated by org.testng.reporters.JUnitReportReporter -->
<testsuite hostname="LAPTOP-PIV5FN12" failures="0" tests="6" name="com.Test.TripAdvisor" time="166.584" errors="0" timestamp="2020-08-27T20:24:17 IST" skipped="0">
  <testcase classname="com.Test.TripAdvisor" name="firstPage" time="55.414"/>
  <system-out/>
  <testcase classname="com.Test.TripAdvisor" name="firstPage" time="65.952"/>
  <system-out/>
  <testcase classname="com.Test.TripAdvisor" name="filterPage" time="21.404"/>
  <system-out/>
  <testcase classname="com.Test.TripAdvisor" name="filterPage" time="22.102"/>
  <system-out/>
  <testcase classname="com.Test.TripAdvisor" name="resultPage" time="1.325"/>
  <system-out/>
  <testcase classname="com.Test.TripAdvisor" name="resultPage" time="0.387"/>
  <system-out/>
</testsuite> <!-- com.Test.TripAdvisor -->
